<?xml version="1.0" encoding="UTF-8"?>
<!-- Generated by org.testng.reporters.JUnitXMLReporter -->
<testsuite hostname="IN-RamachaS-1" ignored="8" name="Cloud Native" tests="5" failures="0" timestamp="2020-02-19T11:06:13 IST" time="0.079" errors="0">
  <testcase name="@BeforeMethod setup" time="0.001" classname="helpers.TestCase">
    <failure type="java.io.FileNotFoundException" message="C:\Users\Ramachas\OneDrive\CloudForteWorkspace\unav\configure.properties (The system cannot find the file specified)">
      <![CDATA[java.io.FileNotFoundException: C:\Users\Ramachas\OneDrive\CloudForteWorkspace\unav\configure.properties (The system cannot find the file specified)
at java.io.FileInputStream.open0(Native Method)
at java.io.FileInputStream.open(Unknown Source)
at java.io.FileInputStream.<init>(Unknown Source)
at java.io.FileInputStream.<init>(Unknown Source)
at helpers.Util.getValue(Util.java:25)
at helpers.TestCase.setup(TestCase.java:66)
at java.util.ArrayList.forEach(Unknown Source)
... Removed 31 stack frames]]>
    </failure>
  </testcase> <!-- @BeforeMethod setup -->
  <testcase name="@AfterMethod tearDownMethod" time="-1.58209057348E9" classname="helpers.TestCase">
    <skipped/>
  </testcase> <!-- @AfterMethod tearDownMethod -->
  <testcase name="@BeforeMethod setup" time="0.0" classname="helpers.TestCase">
    <failure type="java.io.FileNotFoundException" message="C:\Users\Ramachas\OneDrive\CloudForteWorkspace\unav\configure.properties (The system cannot find the file specified)">
      <![CDATA[java.io.FileNotFoundException: C:\Users\Ramachas\OneDrive\CloudForteWorkspace\unav\configure.properties (The system cannot find the file specified)
at java.io.FileInputStream.open0(Native Method)
at java.io.FileInputStream.open(Unknown Source)
at java.io.FileInputStream.<init>(Unknown Source)
at java.io.FileInputStream.<init>(Unknown Source)
at helpers.Util.getValue(Util.java:25)
at helpers.TestCase.setup(TestCase.java:66)
at java.util.ArrayList.forEach(Unknown Source)
... Removed 31 stack frames]]>
    </failure>
  </testcase> <!-- @BeforeMethod setup -->
  <testcase name="@AfterMethod tearDownMethod" time="-1.582090573491E9" classname="helpers.TestCase">
    <skipped/>
  </testcase> <!-- @AfterMethod tearDownMethod -->
  <testcase name="@BeforeMethod setup" time="0.001" classname="helpers.TestCase">
    <failure type="java.io.FileNotFoundException" message="C:\Users\Ramachas\OneDrive\CloudForteWorkspace\unav\configure.properties (The system cannot find the file specified)">
      <![CDATA[java.io.FileNotFoundException: C:\Users\Ramachas\OneDrive\CloudForteWorkspace\unav\configure.properties (The system cannot find the file specified)
at java.io.FileInputStream.open0(Native Method)
at java.io.FileInputStream.open(Unknown Source)
at java.io.FileInputStream.<init>(Unknown Source)
at java.io.FileInputStream.<init>(Unknown Source)
at helpers.Util.getValue(Util.java:25)
at helpers.TestCase.setup(TestCase.java:66)
at java.util.ArrayList.forEach(Unknown Source)
... Removed 31 stack frames]]>
    </failure>
  </testcase> <!-- @BeforeMethod setup -->
  <testcase name="@AfterMethod tearDownMethod" time="-1.582090573501E9" classname="helpers.TestCase">
    <skipped/>
  </testcase> <!-- @AfterMethod tearDownMethod -->
  <testcase name="@BeforeMethod setup" time="0.0" classname="helpers.TestCase">
    <failure type="java.io.FileNotFoundException" message="C:\Users\Ramachas\OneDrive\CloudForteWorkspace\unav\configure.properties (The system cannot find the file specified)">
      <![CDATA[java.io.FileNotFoundException: C:\Users\Ramachas\OneDrive\CloudForteWorkspace\unav\configure.properties (The system cannot find the file specified)
at java.io.FileInputStream.open0(Native Method)
at java.io.FileInputStream.open(Unknown Source)
at java.io.FileInputStream.<init>(Unknown Source)
at java.io.FileInputStream.<init>(Unknown Source)
at helpers.Util.getValue(Util.java:25)
at helpers.TestCase.setup(TestCase.java:66)
at java.util.ArrayList.forEach(Unknown Source)
... Removed 31 stack frames]]>
    </failure>
  </testcase> <!-- @BeforeMethod setup -->
  <testcase name="@AfterMethod tearDownMethod" time="-1.582090573513E9" classname="helpers.TestCase">
    <skipped/>
  </testcase> <!-- @AfterMethod tearDownMethod -->
  <testcase name="@BeforeMethod setup" time="0.0" classname="helpers.TestCase">
    <failure type="java.io.FileNotFoundException" message="C:\Users\Ramachas\OneDrive\CloudForteWorkspace\unav\configure.properties (The system cannot find the file specified)">
      <![CDATA[java.io.FileNotFoundException: C:\Users\Ramachas\OneDrive\CloudForteWorkspace\unav\configure.properties (The system cannot find the file specified)
at java.io.FileInputStream.open0(Native Method)
at java.io.FileInputStream.open(Unknown Source)
at java.io.FileInputStream.<init>(Unknown Source)
at java.io.FileInputStream.<init>(Unknown Source)
at helpers.Util.getValue(Util.java:25)
at helpers.TestCase.setup(TestCase.java:66)
at java.util.ArrayList.forEach(Unknown Source)
... Removed 31 stack frames]]>
    </failure>
  </testcase> <!-- @BeforeMethod setup -->
  <testcase name="@AfterMethod tearDownMethod" time="-1.582090573523E9" classname="helpers.TestCase">
    <skipped/>
  </testcase> <!-- @AfterMethod tearDownMethod -->
  <testcase name="test" time="0.0" classname="unav.cloudNative.azure.TS_Azure_01">
    <skipped/>
  </testcase> <!-- test -->
  <testcase name="test" time="0.0" classname="unav.cloudNative.azure.TS_Azure_02">
    <skipped/>
  </testcase> <!-- test -->
  <testcase name="test" time="0.0" classname="unav.cloudNative.azure.TS_Azure_03">
    <skipped/>
  </testcase> <!-- test -->
  <testcase name="test" time="0.0" classname="unav.cloudNative.azure.TS_Azure_04">
    <skipped/>
  </testcase> <!-- test -->
  <testcase name="test" time="0.0" classname="unav.cloudNative.azure.TS_Azure_05">
    <skipped/>
  </testcase> <!-- test -->
  <testcase name="@BeforeSuite beforeSuite" time="0.0" classname="helpers.TestCase">
    <ignored/>
  </testcase> <!-- @BeforeSuite beforeSuite -->
  <testcase name="@BeforeSuite beforeSuite" time="0.0" classname="helpers.TestCase">
    <ignored/>
  </testcase> <!-- @BeforeSuite beforeSuite -->
  <testcase name="@BeforeSuite beforeSuite" time="0.0" classname="helpers.TestCase">
    <ignored/>
  </testcase> <!-- @BeforeSuite beforeSuite -->
  <testcase name="@BeforeSuite beforeSuite" time="0.0" classname="helpers.TestCase">
    <ignored/>
  </testcase> <!-- @BeforeSuite beforeSuite -->
  <testcase name="@AfterSuite afterSuite" time="0.0" classname="helpers.TestCase">
    <ignored/>
  </testcase> <!-- @AfterSuite afterSuite -->
  <testcase name="@AfterSuite afterSuite" time="0.0" classname="helpers.TestCase">
    <ignored/>
  </testcase> <!-- @AfterSuite afterSuite -->
  <testcase name="@AfterSuite afterSuite" time="0.0" classname="helpers.TestCase">
    <ignored/>
  </testcase> <!-- @AfterSuite afterSuite -->
  <testcase name="@AfterSuite afterSuite" time="0.0" classname="helpers.TestCase">
    <ignored/>
  </testcase> <!-- @AfterSuite afterSuite -->
</testsuite> <!-- Cloud Native -->
