<?xml version="1.0" encoding="UTF-8"?>
<testng-results skipped="0" failed="1" ignored="8" total="13" passed="4">
  <reporter-output>
  </reporter-output>
  <suite name="Suite" duration-ms="1066275" started-at="2020-02-19T12:07:19 IST" finished-at="2020-02-19T12:25:05 IST">
    <groups>
    </groups>
    <test name="Cloud Native" duration-ms="1066275" started-at="2020-02-19T12:07:19 IST" finished-at="2020-02-19T12:25:05 IST">
      <class name="unav.cloudNative.azure.TS_Azure_03">
        <test-method status="PASS" signature="setup()[pri:0, instance:unav.cloudNative.azure.TS_Azure_03@6a41eaa2]" name="setup" is-config="true" duration-ms="1846" started-at="2020-02-19T12:12:22 IST" finished-at="2020-02-19T12:12:24 IST">
          <reporter-output>
          </reporter-output>
        </test-method> <!-- setup -->
        <test-method status="PASS" signature="test()[pri:0, instance:unav.cloudNative.azure.TS_Azure_03@6a41eaa2]" name="test" duration-ms="252863" started-at="2020-02-19T12:12:24 IST" finished-at="2020-02-19T12:16:36 IST">
          <reporter-output>
          </reporter-output>
        </test-method> <!-- test -->
        <test-method status="PASS" signature="tearDownMethod()[pri:0, instance:unav.cloudNative.azure.TS_Azure_03@6a41eaa2]" name="tearDownMethod" is-config="true" duration-ms="860" started-at="2020-02-19T12:16:36 IST" finished-at="2020-02-19T12:16:37 IST">
          <reporter-output>
          </reporter-output>
        </test-method> <!-- tearDownMethod -->
      </class> <!-- unav.cloudNative.azure.TS_Azure_03 -->
      <class name="unav.cloudNative.azure.TS_Azure_04">
        <test-method status="PASS" signature="setup()[pri:0, instance:unav.cloudNative.azure.TS_Azure_04@7cd62f43]" name="setup" is-config="true" duration-ms="1480" started-at="2020-02-19T12:16:37 IST" finished-at="2020-02-19T12:16:39 IST">
          <reporter-output>
          </reporter-output>
        </test-method> <!-- setup -->
        <test-method status="PASS" signature="test()[pri:0, instance:unav.cloudNative.azure.TS_Azure_04@7cd62f43]" name="test" duration-ms="251485" started-at="2020-02-19T12:16:39 IST" finished-at="2020-02-19T12:20:50 IST">
          <reporter-output>
          </reporter-output>
        </test-method> <!-- test -->
        <test-method status="PASS" signature="tearDownMethod()[pri:0, instance:unav.cloudNative.azure.TS_Azure_04@7cd62f43]" name="tearDownMethod" is-config="true" duration-ms="832" started-at="2020-02-19T12:20:50 IST" finished-at="2020-02-19T12:20:51 IST">
          <reporter-output>
          </reporter-output>
        </test-method> <!-- tearDownMethod -->
      </class> <!-- unav.cloudNative.azure.TS_Azure_04 -->
      <class name="unav.cloudNative.azure.TS_Azure_01">
        <test-method status="PASS" signature="beforeSuite()[pri:0, instance:unav.cloudNative.azure.TS_Azure_01@6a4f787b]" name="beforeSuite" is-config="true" duration-ms="43" started-at="2020-02-19T12:07:19 IST" finished-at="2020-02-19T12:07:19 IST">
          <reporter-output>
          </reporter-output>
        </test-method> <!-- beforeSuite -->
        <test-method status="PASS" signature="setup()[pri:0, instance:unav.cloudNative.azure.TS_Azure_01@6a4f787b]" name="setup" is-config="true" duration-ms="3821" started-at="2020-02-19T12:07:19 IST" finished-at="2020-02-19T12:07:23 IST">
          <reporter-output>
          </reporter-output>
        </test-method> <!-- setup -->
        <test-method status="FAIL" signature="test()[pri:0, instance:unav.cloudNative.azure.TS_Azure_01@6a4f787b]" name="test" duration-ms="50252" started-at="2020-02-19T12:07:23 IST" finished-at="2020-02-19T12:08:13 IST">
          <exception class="org.openqa.selenium.NoSuchElementException">
            <message>
              <![CDATA[no such element: Unable to locate element: {"method":"xpath","selector":"//div/div/div/div/h6"}
  (Session info: chrome=79.0.3945.130)
For documentation on this error, please visit: https://www.seleniumhq.org/exceptions/no_such_element.html
Build info: version: '3.141.59', revision: 'e82be7d358', time: '2018-11-14T08:17:03'
System info: host: 'IN-RAMACHAS-1', ip: '129.221.170.14', os.name: 'Windows 10', os.arch: 'amd64', os.version: '10.0', java.version: '1.8.0_241'
Driver info: org.openqa.selenium.chrome.ChromeDriver
Capabilities {acceptInsecureCerts: false, browserName: chrome, browserVersion: 79.0.3945.130, chrome: {chromedriverVersion: 78.0.3904.105 (60e2d8774a81..., userDataDir: C:\Users\Ramachas\AppData\L...}, goog:chromeOptions: {debuggerAddress: localhost:56046}, javascriptEnabled: true, networkConnectionEnabled: false, pageLoadStrategy: normal, platform: XP, platformName: XP, proxy: Proxy(), setWindowRect: true, strictFileInteractability: false, timeouts: {implicit: 0, pageLoad: 300000, script: 30000}, unhandledPromptBehavior: dismiss and notify}
Session ID: f77eec4e3e5ba65a0263696d7d5b4f06
*** Element info: {Using=xpath, value=//div/div/div/div/h6}]]>
            </message>
            <full-stacktrace>
              <![CDATA[org.openqa.selenium.NoSuchElementException: no such element: Unable to locate element: {"method":"xpath","selector":"//div/div/div/div/h6"}
  (Session info: chrome=79.0.3945.130)
For documentation on this error, please visit: https://www.seleniumhq.org/exceptions/no_such_element.html
Build info: version: '3.141.59', revision: 'e82be7d358', time: '2018-11-14T08:17:03'
System info: host: 'IN-RAMACHAS-1', ip: '129.221.170.14', os.name: 'Windows 10', os.arch: 'amd64', os.version: '10.0', java.version: '1.8.0_241'
Driver info: org.openqa.selenium.chrome.ChromeDriver
Capabilities {acceptInsecureCerts: false, browserName: chrome, browserVersion: 79.0.3945.130, chrome: {chromedriverVersion: 78.0.3904.105 (60e2d8774a81..., userDataDir: C:\Users\Ramachas\AppData\L...}, goog:chromeOptions: {debuggerAddress: localhost:56046}, javascriptEnabled: true, networkConnectionEnabled: false, pageLoadStrategy: normal, platform: XP, platformName: XP, proxy: Proxy(), setWindowRect: true, strictFileInteractability: false, timeouts: {implicit: 0, pageLoad: 300000, script: 30000}, unhandledPromptBehavior: dismiss and notify}
Session ID: f77eec4e3e5ba65a0263696d7d5b4f06
*** Element info: {Using=xpath, value=//div/div/div/div/h6}
at sun.reflect.NativeConstructorAccessorImpl.newInstance0(Native Method)
at sun.reflect.NativeConstructorAccessorImpl.newInstance(NativeConstructorAccessorImpl.java:62)
at sun.reflect.DelegatingConstructorAccessorImpl.newInstance(DelegatingConstructorAccessorImpl.java:45)
at java.lang.reflect.Constructor.newInstance(Constructor.java:423)
at org.openqa.selenium.remote.http.W3CHttpResponseCodec.createException(W3CHttpResponseCodec.java:187)
at org.openqa.selenium.remote.http.W3CHttpResponseCodec.decode(W3CHttpResponseCodec.java:122)
at org.openqa.selenium.remote.http.W3CHttpResponseCodec.decode(W3CHttpResponseCodec.java:49)
at org.openqa.selenium.remote.HttpCommandExecutor.execute(HttpCommandExecutor.java:158)
at org.openqa.selenium.remote.service.DriverCommandExecutor.execute(DriverCommandExecutor.java:83)
at org.openqa.selenium.remote.RemoteWebDriver.execute(RemoteWebDriver.java:552)
at org.openqa.selenium.remote.RemoteWebDriver.findElement(RemoteWebDriver.java:323)
at org.openqa.selenium.remote.RemoteWebDriver.findElementByXPath(RemoteWebDriver.java:428)
at org.openqa.selenium.By$ByXPath.findElement(By.java:353)
at org.openqa.selenium.remote.RemoteWebDriver.findElement(RemoteWebDriver.java:315)
at org.openqa.selenium.support.pagefactory.DefaultElementLocator.findElement(DefaultElementLocator.java:69)
at org.openqa.selenium.support.pagefactory.internal.LocatingElementHandler.invoke(LocatingElementHandler.java:38)
at com.sun.proxy.$Proxy11.getText(Unknown Source)
at unav.pages.AzureWorkload.checkReviewTabBeforeReview(AzureWorkload.java:66)
at unav.cloudNative.azure.TS_Azure_01.test(TS_Azure_01.java:19)
at sun.reflect.NativeMethodAccessorImpl.invoke0(Native Method)
at sun.reflect.NativeMethodAccessorImpl.invoke(NativeMethodAccessorImpl.java:62)
at sun.reflect.DelegatingMethodAccessorImpl.invoke(DelegatingMethodAccessorImpl.java:43)
at java.lang.reflect.Method.invoke(Method.java:498)
at org.testng.internal.MethodInvocationHelper.invokeMethod(MethodInvocationHelper.java:134)
at org.testng.internal.TestInvoker.invokeMethod(TestInvoker.java:597)
at org.testng.internal.TestInvoker.invokeTestMethod(TestInvoker.java:173)
at org.testng.internal.MethodRunner.runInSequence(MethodRunner.java:46)
at org.testng.internal.TestInvoker$MethodInvocationAgent.invoke(TestInvoker.java:816)
at org.testng.internal.TestInvoker.invokeTestMethods(TestInvoker.java:146)
at org.testng.internal.TestMethodWorker.invokeTestMethods(TestMethodWorker.java:146)
at org.testng.internal.TestMethodWorker.run(TestMethodWorker.java:128)
at java.util.ArrayList.forEach(ArrayList.java:1257)
at org.testng.TestRunner.privateRun(TestRunner.java:766)
at org.testng.TestRunner.run(TestRunner.java:587)
at org.testng.SuiteRunner.runTest(SuiteRunner.java:384)
at org.testng.SuiteRunner.runSequentially(SuiteRunner.java:378)
at org.testng.SuiteRunner.privateRun(SuiteRunner.java:337)
at org.testng.SuiteRunner.run(SuiteRunner.java:286)
at org.testng.SuiteRunnerWorker.runSuite(SuiteRunnerWorker.java:53)
at org.testng.SuiteRunnerWorker.run(SuiteRunnerWorker.java:96)
at org.testng.TestNG.runSuitesSequentially(TestNG.java:1187)
at org.testng.TestNG.runSuitesLocally(TestNG.java:1109)
at org.testng.TestNG.runSuites(TestNG.java:1039)
at org.testng.TestNG.run(TestNG.java:1007)
at org.apache.maven.surefire.testng.TestNGExecutor.run(TestNGExecutor.java:178)
at org.apache.maven.surefire.testng.TestNGXmlTestSuite.execute(TestNGXmlTestSuite.java:92)
at org.apache.maven.surefire.testng.TestNGProvider.invoke(TestNGProvider.java:96)
at sun.reflect.NativeMethodAccessorImpl.invoke0(Native Method)
at sun.reflect.NativeMethodAccessorImpl.invoke(NativeMethodAccessorImpl.java:62)
at sun.reflect.DelegatingMethodAccessorImpl.invoke(DelegatingMethodAccessorImpl.java:43)
at java.lang.reflect.Method.invoke(Method.java:498)
at org.apache.maven.surefire.util.ReflectionUtils.invokeMethodWithArray2(ReflectionUtils.java:208)
at org.apache.maven.surefire.booter.ProviderFactory$ProviderProxy.invoke(ProviderFactory.java:159)
at org.apache.maven.surefire.booter.ProviderFactory.invokeProvider(ProviderFactory.java:87)
at org.apache.maven.surefire.booter.ForkedBooter.runSuitesInProcess(ForkedBooter.java:153)
at org.apache.maven.surefire.booter.ForkedBooter.main(ForkedBooter.java:95)
]]>
            </full-stacktrace>
          </exception> <!-- org.openqa.selenium.NoSuchElementException -->
          <reporter-output>
          </reporter-output>
        </test-method> <!-- test -->
        <test-method status="PASS" signature="tearDownMethod()[pri:0, instance:unav.cloudNative.azure.TS_Azure_01@6a4f787b]" name="tearDownMethod" is-config="true" duration-ms="792" started-at="2020-02-19T12:08:13 IST" finished-at="2020-02-19T12:08:14 IST">
          <reporter-output>
          </reporter-output>
        </test-method> <!-- tearDownMethod -->
        <test-method status="PASS" signature="afterSuite()[pri:0, instance:unav.cloudNative.azure.TS_Azure_01@6a4f787b]" name="afterSuite" is-config="true" duration-ms="2" started-at="2020-02-19T12:25:05 IST" finished-at="2020-02-19T12:25:05 IST">
          <reporter-output>
          </reporter-output>
        </test-method> <!-- afterSuite -->
      </class> <!-- unav.cloudNative.azure.TS_Azure_01 -->
      <class name="unav.cloudNative.azure.TS_Azure_02">
        <test-method status="PASS" signature="setup()[pri:0, instance:unav.cloudNative.azure.TS_Azure_02@685cb137]" name="setup" is-config="true" duration-ms="1532" started-at="2020-02-19T12:08:14 IST" finished-at="2020-02-19T12:08:15 IST">
          <reporter-output>
          </reporter-output>
        </test-method> <!-- setup -->
        <test-method status="PASS" signature="test()[pri:0, instance:unav.cloudNative.azure.TS_Azure_02@685cb137]" name="test" duration-ms="245645" started-at="2020-02-19T12:08:15 IST" finished-at="2020-02-19T12:12:21 IST">
          <reporter-output>
          </reporter-output>
        </test-method> <!-- test -->
        <test-method status="PASS" signature="tearDownMethod()[pri:0, instance:unav.cloudNative.azure.TS_Azure_02@685cb137]" name="tearDownMethod" is-config="true" duration-ms="715" started-at="2020-02-19T12:12:21 IST" finished-at="2020-02-19T12:12:22 IST">
          <reporter-output>
          </reporter-output>
        </test-method> <!-- tearDownMethod -->
      </class> <!-- unav.cloudNative.azure.TS_Azure_02 -->
      <class name="unav.cloudNative.azure.TS_Azure_05">
        <test-method status="PASS" signature="setup()[pri:0, instance:unav.cloudNative.azure.TS_Azure_05@6d4b1c02]" name="setup" is-config="true" duration-ms="1459" started-at="2020-02-19T12:20:51 IST" finished-at="2020-02-19T12:20:53 IST">
          <reporter-output>
          </reporter-output>
        </test-method> <!-- setup -->
        <test-method status="PASS" signature="test()[pri:0, instance:unav.cloudNative.azure.TS_Azure_05@6d4b1c02]" name="test" duration-ms="251815" started-at="2020-02-19T12:20:53 IST" finished-at="2020-02-19T12:25:04 IST">
          <reporter-output>
          </reporter-output>
        </test-method> <!-- test -->
        <test-method status="PASS" signature="tearDownMethod()[pri:0, instance:unav.cloudNative.azure.TS_Azure_05@6d4b1c02]" name="tearDownMethod" is-config="true" duration-ms="832" started-at="2020-02-19T12:25:04 IST" finished-at="2020-02-19T12:25:05 IST">
          <reporter-output>
          </reporter-output>
        </test-method> <!-- tearDownMethod -->
      </class> <!-- unav.cloudNative.azure.TS_Azure_05 -->
    </test> <!-- Cloud Native -->
  </suite> <!-- Suite -->
</testng-results>
